<?xml version="1.0" encoding="UTF-8"?>
<testsuite name="Cucumber" time="2.44" tests="1" skipped="0" failures="0" errors="0">
<testcase classname="Feature to test login functionality" name="Check login is successful with valid credentials - #1.1" time="2.296">
<system-out><![CDATA[
Given user is on login page.................................................passed
When user enters vi20210230@gmail.com and anu...............................passed
And clicks login button.....................................................passed
Then user is navigated to the home page.....................................passed
]]></system-out>
</testcase>
</testsuite>
